 MPI has been initialized, provided MPI thread support level: MPI_THREAD_MULTIPLE           3
 Running on         2400  PEs
 
 FESOM2 git SHA: 0819c49
 MPI library version: Intel(R) MPI Library 2018 Update 5 for Linux* OS

 [32m____________________________________________________________[0m
 [7;32m --> FESOM BUILDS UP MODEL CONFIGURATION                    [0m
 Namelist files are read in
 time step size is set to    300.000000000000      sec
 
 [31m____________________________________________________________[0m
 [5;7;31m --> THIS IS A RESTART RUN !!!                              [0m
     > clock restarted at time: 0.00 335 1958
 
       96480  steps to run for fesom job submission
 rotation matrix for rotated model grids prepared
           0 rpart is read
 myLists are read
 reading /home/hbkfheuk/mesh/Arc01/nod2d.out
 reading /home/hbkfheuk/mesh/Arc01/elem2d.out
 elements are read
 communication arrays are read
 =========================
 2D mesh was read in    2.29007005691528       seconds
 2D mesh info : nod2D=      753179  elem2D=     1480268 checksum= dcb6e1eb09b78032927737c888d50aa8
 =========================
 Communication arrays are set
 test_tri finished in   1.692771911621094E-005  seconds
 =========================
 reading /home/hbkfheuk/mesh/Arc01/edgenum.out
 2D mesh info : edge2D=     2233743
 reading /home/hbkfheuk/mesh/Arc01/edges.out
 reading /home/hbkfheuk/mesh/Arc01/edge_tri.out
 load_edges finished in    2.00136184692383       seconds
 =========================
 find_neighbors finished in   6.044149398803711E-003  seconds
 =========================
 reading /home/hbkfheuk/mesh/Arc01/elvls.out
 reading /home/hbkfheuk/mesh/Arc01/nlvls.out
 ____________________________________________________________________
  --> 3D mesh was read in   0.749963998794556       seconds
  --> Min/max depth on mype :            0   135.000000000000        3900.00000000000     
 ____________________________________________________________________
  --> find min/max level e2n in  1.080036163330078E-004  seconds
 ____________________________________________________________________
  --> mesh statistics:           0
           0 maxArea    599446204.270801         MinArea    180524556.679788     
           0 maxScArea    1145605706.03981         MinScArea    340292816.082800     
           0 Edges:         2233743  internal      2207061
      > Total ocean surface area is           :    364670481234894.       m^2
      > Total ocean surface area wth cavity is:    364670481234894.       m^2
      > mesh_areas finished in   2.737045288085938E-003  seconds
 mesh_auxiliary_arrays finished in   5.989074707031250E-004  seconds
 =========================
 FESOM mesh_setup... complete
 ***start level area_test***
   364670481234894.        364670481234894.     
   364670481234894.        364670481234894.     
   364670481234894.        364670481234894.     
   364670481234894.        364670481234894.     
   357344131382841.        357344131382841.     
   354738450574708.        354738450574708.     
   352989911577677.        352989911577677.     
   351500050699065.        351500050699065.     
   350503117220912.        350503117220912.     
   349460782371209.        349460782371209.     
   348340323959357.        348340323959357.     
   346974799892124.        346974799892124.     
   345520489374689.        345520489374689.     
   343933649098369.        343933649098369.     
   342091920203016.        342091920203016.     
   340193212762796.        340193212762796.     
   337981406188926.        337981406188926.     
   335794161200053.        335794161200053.     
   333475363839453.        333475363839453.     
   331287979144437.        331287979144437.     
   329197833729615.        329197833729615.     
   327184064857848.        327184064857848.     
   325220351420586.        325220351420586.     
   323247686716555.        323247686716555.     
   321115901987589.        321115901987589.     
   318816350526861.        318816350526861.     
   316173442247272.        316173442247272.     
   313226996724511.        313226996724511.     
   309239135184880.        309239135184880.     
   304720736254936.        304720736254936.     
   299161521019338.        299161521019338.     
   292934682882810.        292934682882810.     
   284899215102633.        284899215102633.     
   273017670904357.        273017670904357.     
   256486676268161.        256486676268161.     
   234901372820550.        234901372820550.     
   210183958468668.        210183958468668.     
   182465631876249.        182465631876249.     
   152296401563806.        152296401563806.     
   121974662577379.        121974662577379.     
   93128237131034.1        93128237131034.1     
   64627173366718.9        64627173366718.9     
   37142301749070.1        37142301749070.1     
   15721269380646.8        15721269380646.8     
   4747121672793.51        4747121672793.51     
  0.000000000000000E+000  0.000000000000000E+000
 ***end level area_test***
 ____________________________________________________________
  --> initialise ALE arrays + sparse SSH stiff matrix
 
 ____________________________________________________________
  --> initialise ssh operator using unperturbed ocean depth
      > in stiff_mat_ale, reading /home/hbkfheuk/mesh/Arc01/dist_2400/rpart.out
      took:   9.854412078857422E-002  sec
 
 ____________________________________________________________
  --> initialise CVMIX_TKE
 
      tke_only       =  F
      tke_c_k        =   0.100000000000000     
      tke_c_eps      =   0.700000000000000     
      tke_alpha      =    30.0000000000000     
      tke_cd         =    3.75000000000000     
      tke_surf_min   =   1.000000000000000E-004
      tke_min        =   1.000000000000000E-006
      tke_kappaM_min =   0.000000000000000E+000
      tke_kappaM_max =    100.000000000000     
      tke_mxl_choice =            2
 
 ____________________________________________________________
  --> initialise IDEMIX
 
      idemix_tau_v        =    86400.0000000000     
      idemix_tau_h        =    1296000.00000000     
      idemix_gamma        =    1.57000000000000     
      idemix_jstar        =    10.0000000000000     
      idemix_mu0          =    1.33333333000000     
      idemix_n_hor_iwe_...=            5
      idemix_surforc_file = /scratch/usr/hbkawi/IDEMIX/fourier_smooth_2005_cfsr_inert_rgrid.nc                                                                                                                                                                                                                                                                                                                                                                                                                                                                                                                                                                                                                                                                                                                                                                                                                                                                                                                                                                                                                                                                                                                                                                                                                                                                                                                                                                                                                                                                                                                                                                                                                                                                                                                                                                                                                                                                                                                                                                                                                                                                                                                                                                                                                                                                                                                                                                                                                                                                                                                                                                                                                                                                                                                                                                                                                                                                                                                                                                                                                                                                                                                                                                                                                                                                                                                                                                                                                                                                                                                                                                                                                                                                                                                                                                                                                                                                                                                                                                                                                                                                                                                                                                                              
      idemix_botforc_file = /scratch/usr/hbkawi/IDEMIX/tidal_energy_gx1v6_20090205_rgrid.nc                                                                                                                                                                                                                                                                                                                                                                                                                                                                                                                                                                                                                                                                                                                                                                                                                                                                                                                                                                                                                                                                                                                                                                                                                                                                                                                                                                                                                                                                                                                                                                                                                                                                                                                                                                                                                                                                                                                                                                                                                                                                                                                                                                                                                                                                                                                                                                                                                                                                                                                                                                                                                                                                                                                                                                                                                                                                                                                                                                                                                                                                                                                                                                                                                                                                                                                                                                                                                                                                                                                                                                                                                                                                                                                                                                                                                                                                                                                                                                                                                                                                                                                                                                                                 
 
  --> read IDEMIX near inertial wave surface forcing
  --> read IDEMIX near tidal bottom forcing
 Arrays are set
 FCT is initialized
           2  tracers will be used in FESOM
 tracer IDs are:            0           1
 read Temperatur climatology from:phc3.0_winter.nc
 read Salt       climatology from:phc3.0_winter.nc
 Start: Initial conditions  for tracers
 reading input tracer file for tracer ID=            1
 input file: /home/hbkfheuk/hydrography/phc3.0/phc3.0_winter.nc
 variable  : salt
 reading input tracer file for tracer ID=            0
 input file: /home/hbkfheuk/hydrography/phc3.0/phc3.0_winter.nc
 variable  : temp
 converting insitu temperature to potential...
 DONE:  Initial conditions for tracers
   |-> gobal max init. temp. =   30.0731735855567     
   |-> gobal min init. temp. =  -2.05843139276997     
   |-> gobal max init. salt. =   39.2055735828008     
   `-> gobal min init. salt. =   5.63086681505307     
 ____________________________________________________________
  --> call init_thickness_ale
 
 ____________________________________________________________
  --> initialise ALE layerthicknesses, depth levels and middepth levels
 
 Initial state
 ******************************************************************************
 vertical velocity will be split onto explicit and implicit constitutes;
 maximum allowed CDF on explicit W is set to:    1.00000000000000     
 ******************************************************************************
 FESOM ocean_setup... complete
 ****************************************************
 forcing arrays have been set up
      file   : namelist_bc.nml open ok
 Start: Ocean forcing inizialization.
 Start: Ocean forcing inizialization.
 Surface boundary conditions parameters:
       nm_xwind_file = /scratch/usr/hbkawi/forcing/JRA55-do-v1.4.0/uas. ! name of file with X winds
       nm_xwind_var  = uas ! name of variable in file with wind 
       nm_ywind_file = /scratch/usr/hbkawi/forcing/JRA55-do-v1.4.0/vas. ! name of file with Y winds
       nm_ywind_var  = vas ! name of variable in file with wind 
       nm_humi_file = /scratch/usr/hbkawi/forcing/JRA55-do-v1.4.0/huss. ! name of file with humidity
       nm_humi_var   = huss ! name of variable in file with humidity  
       nm_qsr_file = /scratch/usr/hbkawi/forcing/JRA55-do-v1.4.0/rsds. ! name of file with solar heat 
       nm_qsr_var  = rsds ! name of variable in file with solar heat 
       nm_qlw_file   = /scratch/usr/hbkawi/forcing/JRA55-do-v1.4.0/rlds. ! name of file with Long wave 
       nm_qlw_var    = rlds ! name of variable in file with Long wave 
       nm_tair_file  = /scratch/usr/hbkawi/forcing/JRA55-do-v1.4.0/tas. ! name of file with 2m air temperature 
       nm_tair_var   = tas ! name of variable in file with 2m air temperature 
       nm_prec_file  = /scratch/usr/hbkawi/forcing/JRA55-do-v1.4.0/prra. ! name of file with total precipitation 
       nm_prec_var   = prra ! name of variable in file with total precipitation  
       nm_snow_file  = /scratch/usr/hbkawi/forcing/JRA55-do-v1.4.0/prsn. ! name of file with snow precipitation 
       nm_snow_var   = prsn !name of variable in file with air_pressure_at_sea_level 
 total fluxes to read:            8
  --> found calendar attr. in time axis: |gregorian|
  --> found calendar attr. in time axis: |gregorian|
  --> found calendar attr. in time axis: |gregorian|
  --> found calendar attr. in time axis: |gregorian|
  --> found calendar attr. in time axis: |gregorian|
  --> found calendar attr. in time axis: |gregorian|
  --> found calendar attr. in time axis: |gregorian|
  --> found calendar attr. in time axis: |gregorian|
 DONE:  Ocean forcing inizialization.
 Parts of forcing data (only constant in time fields) are read
 Ice FCT is initialized
 initialize the sea ice
 Ice is initialized
 EVP scheme option=           0
 associating restart file /scratch/projects/hbk00087/4_finn/fesom2/fesom.1958.oce.restart.nc
 current restart counter =           11
      reading restart file:  /scratch/projects/hbk00087/4_finn/fesom2/fesom.1958.oce.restart.nc
 restart from record           11  of           11
 reading restart for ssh
 reading restart for hbar
 reading restart for ssh_rhs_old
 reading restart for hnode
 reading restart for u
 reading restart for v
 reading restart for urhs_AB
 reading restart for vrhs_AB
 reading restart for temp
 reading restart for temp_AB
 reading restart for salt
 reading restart for salt_AB
 reading restart for w
 reading restart for w_expl
 reading restart for w_impl
